
**** Build of configuration Debug for project E_LINK ****

"C:\\ti\\ccs900\\ccs\\utils\\bin\\gmake" -k -j 4 all -O 
 
Building file: "../Paper_Display.c"
Invoking: MSP430 Compiler
"C:/ti/ccs900/ccs/tools/compiler/ti-cgt-msp430_18.12.1.LTS/bin/cl430" -vmsp --use_hw_mpy=none --include_path="C:/ti/ccs900/ccs/ccs_base/msp430/include" --include_path="C:/Users/ZZX/workspace_v9/E_LINK" --include_path="C:/ti/ccs900/ccs/tools/compiler/ti-cgt-msp430_18.12.1.LTS/include" --advice:power=all --define=__MSP430G2553__ -g --printf_support=minimal --diag_warning=225 --diag_wrap=off --display_error_number --preproc_with_compile --preproc_dependency="Paper_Display.d_raw"  "../Paper_Display.c"
"../Paper_Display.c", line 30: remark #1544-D: (ULP 13.1) Detected loop counting up. Recommend loops count down as detecting zeros is easier
"../Paper_Display.c", line 30: remark #1527-D: (ULP 2.1) Detected SW delay loop using empty loop. Recommend using a timer module instead
"../Paper_Display.c", line 31: remark #1544-D: (ULP 13.1) Detected loop counting up. Recommend loops count down as detecting zeros is easier
"../Paper_Display.c", line 31: remark #1527-D: (ULP 2.1) Detected SW delay loop using empty loop. Recommend using a timer module instead
"../Paper_Display.c", line 37: remark #1544-D: (ULP 13.1) Detected loop counting up. Recommend loops count down as detecting zeros is easier
"../Paper_Display.c", line 38: remark #1527-D: (ULP 2.1) Detected SW delay loop using __delay_cycles. Recommend using a timer module instead
"../Paper_Display.c", line 43: remark #1544-D: (ULP 13.1) Detected loop counting up. Recommend loops count down as detecting zeros is easier
"../Paper_Display.c", line 45: remark #1527-D: (ULP 2.1) Detected SW delay loop using __delay_cycles. Recommend using a timer module instead
"../Paper_Display.c", line 51: remark #1544-D: (ULP 13.1) Detected loop counting up. Recommend loops count down as detecting zeros is easier
"../Paper_Display.c", line 125: remark #1544-D: (ULP 13.1) Detected loop counting up. Recommend loops count down as detecting zeros is easier
"../Paper_Display.c", line 157: remark #1544-D: (ULP 13.1) Detected loop counting up. Recommend loops count down as detecting zeros is easier
"../Paper_Display.c", line 159: remark #1544-D: (ULP 13.1) Detected loop counting up. Recommend loops count down as detecting zeros is easier
"../Paper_Display.c", line 221: remark #1544-D: (ULP 13.1) Detected loop counting up. Recommend loops count down as detecting zeros is easier
"../Paper_Display.c", line 246: remark #1544-D: (ULP 13.1) Detected loop counting up. Recommend loops count down as detecting zeros is easier
"../Paper_Display.c", line 281: remark #1530-D: (ULP 5.1) Detected divide operation(s). Recommend moving them to RAM during run time or not using as these are processing/power intensive
"../Paper_Display.c", line 282: remark #1530-D: (ULP 5.1) Detected divide operation(s). Recommend moving them to RAM during run time or not using as these are processing/power intensive
"../Paper_Display.c", line 286: remark #1530-D: (ULP 5.1) Detected modulo operation(s). Recommend moving them to RAM during run time or not using as these are processing/power intensive
"../Paper_Display.c", line 298: remark #1533-D: (ULP 6.1) Detected use of multiplication on a device that has no hardware multiplier
"../Paper_Display.c", line 299: remark #1544-D: (ULP 13.1) Detected loop counting up. Recommend loops count down as detecting zeros is easier
"../Paper_Display.c", line 302: remark #1544-D: (ULP 13.1) Detected loop counting up. Recommend loops count down as detecting zeros is easier
"../Paper_Display.c", line 305: remark #1544-D: (ULP 13.1) Detected loop counting up. Recommend loops count down as detecting zeros is easier
"../Paper_Display.c", line 307: remark #1533-D: (ULP 6.1) Detected use of multiplication on a device that has no hardware multiplier
"../Paper_Display.c", line 312: remark #1544-D: (ULP 13.1) Detected loop counting up. Recommend loops count down as detecting zeros is easier
"../Paper_Display.c", line 314: remark #1533-D: (ULP 6.1) Detected use of multiplication on a device that has no hardware multiplier
"../Paper_Display.c", line 321: remark #1544-D: (ULP 13.1) Detected loop counting up. Recommend loops count down as detecting zeros is easier
"../Paper_Display.c", line 330: remark #2553-D: (ULP 14.1) Array index (involving "j") of type "int". Recommend using "unsigned int"
"../Paper_Display.c", line 341: remark #2553-D: (ULP 14.1) Array index (involving "moveBytes") of type "int". Recommend using "unsigned int"
"../Paper_Display.c", line 341: remark #2553-D: (ULP 14.1) Array index (involving "moveBytes") of type "int". Recommend using "unsigned int"
"../Paper_Display.c", line 341: remark #1530-D: (ULP 5.1) Detected divide operation(s). Recommend moving them to RAM during run time or not using as these are processing/power intensive
"../Paper_Display.c", line 344: remark #1530-D: (ULP 5.1) Detected divide operation(s). Recommend moving them to RAM during run time or not using as these are processing/power intensive
"../Paper_Display.c", line 348: remark #1544-D: (ULP 13.1) Detected loop counting up. Recommend loops count down as detecting zeros is easier
"../Paper_Display.c", line 350: remark #1530-D: (ULP 5.1) Detected divide operation(s). Recommend moving them to RAM during run time or not using as these are processing/power intensive
Finished building: "../Paper_Display.c"
 
Building target: "E_LINK.out"
Invoking: MSP430 Linker
"C:/ti/ccs900/ccs/tools/compiler/ti-cgt-msp430_18.12.1.LTS/bin/cl430" -vmsp --use_hw_mpy=none --advice:power=all --define=__MSP430G2553__ -g --printf_support=minimal --diag_warning=225 --diag_wrap=off --display_error_number -z -m"E_LINK.map" --heap_size=500 --stack_size=500 -i"C:/ti/ccs900/ccs/ccs_base/msp430/include" -i"C:/ti/ccs900/ccs/tools/compiler/ti-cgt-msp430_18.12.1.LTS/lib" -i"C:/ti/ccs900/ccs/tools/compiler/ti-cgt-msp430_18.12.1.LTS/include" --reread_libs --diag_wrap=off --display_error_number --warn_sections --xml_link_info="E_LINK_linkInfo.xml" --use_hw_mpy=none --rom_model -o "E_LINK.out" "./Paper_Display.obj" "./main.obj" "../lnk_msp430g2553.cmd"  -llibc.a 
<Linking>
"../lnk_msp430g2553.cmd", line 90: error #10099-D: program will not fit into available memory.  run placement with alignment fails for section ".bss" size 0xfa0 .  Available memory ranges:
   RAM          size: 0x200        unused: 0xc          max hole: 0xc       
remark #10371-D: (ULP 1.1) Detected no uses of low power mode state changing instructions
error #10010: errors encountered during linking; "E_LINK.out" not built
remark #10372-D: (ULP 4.1) Detected uninitialized Port 3 in this project. Recommend initializing all unused ports to eliminate wasted current consumption on unused pins.
 
>> Compilation failure
makefile:142: recipe for target 'E_LINK.out' failed
makefile:138: recipe for target 'all' failed
gmake[1]: *** [E_LINK.out] Error 1
gmake: *** [all] Error 2

**** Build Finished ****
